Traceback (most recent call last):
  File "G:\docker\diskclean\src\core\smart_cleaner.py", line 303, in run
    debug_event('INFO', 'ScanThread', 'run',
    ~~~~~~~~~~~^^^^^^^^^^^^^^^^^^^^^^^^^^^^^
               '扫描线程启动',
               ^^^^^^^^^^^^^^^
               scan_type=self.scan_type,
               ^^^^^^^^^^^^^^^^^^^^^^^^^
               scan_target=self.scan_target)
               ^^^^^^^^^^^^^^^^^^^^^^^^^^^^^
TypeError: debug_event() missing 1 required positional argument: 'message'

During handling of the above exception, another exception occurred:

Traceback (most recent call last):
  File "G:\docker\diskclean\src\core\smart_cleaner.py", line 415, in run
    debug_exception('ScanThread', 'run',
    ~~~~~~~~~~~~~~~^^^^^^^^^^^^^^^^^^^^^
                  '扫描异常',
                  ^^^^^^^^^^^
                  exc_info=sys.exc_info(),
                  ^^^^^^^^^^^^^^^^^^^^^^^^
                  scan_type=self.scan_type,
                  ^^^^^^^^^^^^^^^^^^^^^^^^^
                    elapsed_seconds=elapsed)
                    ^^^^^^^^^^^^^^^^^^^^^^^^
TypeError: debug_exception() missing 1 required positional argument: 'message'

Traceback (most recent call last):
  File "G:\docker\diskclean\src\ui\developer_console_window.py", line 373, in export_error_report
    format_dialog = QMessageBox(self)
                    ^^^^^^^^^^^
NameError: name 'QMessageBox' is not defined

Traceback (most recent call last):
  File "G:\docker\diskclean\src\ui\developer_console_window.py", line 373, in export_error_report
    format_dialog = QMessageBox(self)
                    ^^^^^^^^^^^
NameError: name 'QMessageBox' is not defined

Traceback (most recent call last):
  File "G:\docker\diskclean\src\ui\developer_console_window.py", line 373, in export_error_report
    format_dialog = QMessageBox(self)
                    ^^^^^^^^^^^
NameError: name 'QMessageBox' is not defined

Traceback (most recent call last):
  File "G:\docker\diskclean\src\ui\developer_console_window.py", line 373, in export_error_report
    format_dialog = QMessageBox(self)
                    ^^^^^^^^^^^
NameError: name 'QMessageBox' is not defined

Traceback (most recent call last):
  File "G:\docker\diskclean\src\ui\developer_console_window.py", line 373, in export_error_report
    format_dialog = QMessageBox(self)
                    ^^^^^^^^^^^
NameError: name 'QMessageBox' is not defined

Traceback (most recent call last):
  File "G:\docker\diskclean\src\ui\developer_console_window.py", line 373, in export_error_report
    format_dialog = QMessageBox(self)
                    ^^^^^^^^^^^
NameError: name 'QMessageBox' is not defined

Traceback (most recent call last):
  File "G:\docker\diskclean\src\ui\developer_console_window.py", line 373, in export_error_report
    format_dialog = QMessageBox(self)
                    ^^^^^^^^^^^
NameError: name 'QMessageBox' is not defined

Traceback (most recent call last):
  File "G:\docker\diskclean\src\ui\developer_console_window.py", line 373, in export_error_report
    format_dialog = QMessageBox(self)
                    ^^^^^^^^^^^
NameError: name 'QMessageBox' is not defined

Traceback (most recent call last):
  File "G:\docker\diskclean\src\ui\smart_cleanup_page.py", line 1240, in _on_plan_ready
    self._load_items_from_plan(plan)
    ~~~~~~~~~~~~~~~~~~~~~~~~~~^^^^^^
  File "G:\docker\diskclean\src\ui\smart_cleanup_page.py", line 1374, in _load_items_from_plan
    card = CleanupItemCard(item)
  File "G:\docker\diskclean\src\ui\smart_cleanup_page.py", line 288, in __init__
    self.update_risk_style()
    ~~~~~~~~~~~~~~~~~~~~~~^^
  File "G:\docker\diskclean\src\ui\smart_cleanup_page.py", line 384, in update_risk_style
    RiskLevel.UNKNOWN: ThemeColors.RISK_UNKNOWN
    ^^^^^^^^^^^^^^^^^
AttributeError: type object 'RiskLevel' has no attribute 'UNKNOWN'

Traceback (most recent call last):
  File "G:\docker\diskclean\src\main.py", line 64, in <module>
    main()
    ~~~~^^
  File "G:\docker\diskclean\src\main.py", line 50, in main
    window = PurifyAIApp(app)
  File "G:\docker\diskclean\src\app.py", line 56, in __init__
    self.init_navigation()
    ~~~~~~~~~~~~~~~~~~~~^^
  File "G:\docker\diskclean\src\app.py", line 111, in init_navigation
    self.agent_hub_page = AgentHubPage()  # 智能体中心页面（新增）
                          ~~~~~~~~~~~~^^
  File "G:\docker\diskclean\src\ui\agent_hub_page.py", line 763, in __init__
    self._init_ui()
    ~~~~~~~~~~~~~^^
  File "G:\docker\diskclean\src\ui\agent_hub_page.py", line 780, in _init_ui
    self.main_tab.setCheckable(False)
    ^^^^^^^^^^^^^^^^^^^^^^^^^^
AttributeError: 'SegmentedWidget' object has no attribute 'setCheckable'

Traceback (most recent call last):
  File "G:\docker\diskclean\src\main.py", line 64, in <module>
    main()
    ~~~~^^
  File "G:\docker\diskclean\src\main.py", line 50, in main
    window = PurifyAIApp(app)
  File "G:\docker\diskclean\src\app.py", line 56, in __init__
    self.init_navigation()
    ~~~~~~~~~~~~~~~~~~~~^^
  File "G:\docker\diskclean\src\app.py", line 111, in init_navigation
    self.agent_hub_page = AgentHubPage()  # 智能体中心页面（新增）
                          ~~~~~~~~~~~~^^
  File "G:\docker\diskclean\src\ui\agent_hub_page.py", line 763, in __init__
    self._init_ui()
    ~~~~~~~~~~~~~^^
  File "G:\docker\diskclean\src\ui\agent_hub_page.py", line 792, in _init_ui
    icon=FluentIcon.CLEAR,
         ^^^^^^^^^^^^^^^^
AttributeError: type object 'FluentIcon' has no attribute 'CLEAR'. Did you mean: 'LEAF'?

Traceback (most recent call last):
  File "G:\docker\diskclean\src\main.py", line 64, in <module>
    main()
    ~~~~^^
  File "G:\docker\diskclean\src\main.py", line 50, in main
    window = PurifyAIApp(app)
  File "G:\docker\diskclean\src\app.py", line 56, in __init__
    self.init_navigation()
    ~~~~~~~~~~~~~~~~~~~~^^
  File "G:\docker\diskclean\src\app.py", line 111, in init_navigation
    self.agent_hub_page = AgentHubPage()  # 智能体中心页面（新增）
                          ~~~~~~~~~~~~^^
  File "G:\docker\diskclean\src\ui\agent_hub_page.py", line 763, in __init__
    self._init_ui()
    ~~~~~~~~~~~~~^^
  File "G:\docker\diskclean\src\ui\agent_hub_page.py", line 819, in _init_ui
    self.stacked_widget = QStackedWidget()
                          ^^^^^^^^^^^^^^
NameError: name 'QStackedWidget' is not defined

Traceback (most recent call last):
  File "G:\docker\diskclean\src\main.py", line 64, in <module>
    main()
    ~~~~^^
  File "G:\docker\diskclean\src\main.py", line 50, in main
    window = PurifyAIApp(app)
  File "G:\docker\diskclean\src\app.py", line 56, in __init__
    self.init_navigation()
    ~~~~~~~~~~~~~~~~~~~~^^
  File "G:\docker\diskclean\src\app.py", line 111, in init_navigation
    self.agent_hub_page = AgentHubPage()  # 智能体中心页面（新增）
                          ~~~~~~~~~~~~^^
  File "G:\docker\diskclean\src\ui\agent_hub_page.py", line 764, in __init__
    self._init_ui()
    ~~~~~~~~~~~~~^^
  File "G:\docker\diskclean\src\ui\agent_hub_page.py", line 823, in _init_ui
    self.overview_tab = OverviewTab()
                        ~~~~~~~~~~~^^
  File "G:\docker\diskclean\src\ui\agent_hub_page.py", line 85, in __init__
    self._init_ui()
    ~~~~~~~~~~~~~^^
  File "G:\docker\diskclean\src\ui\agent_hub_page.py", line 205, in _init_ui
    "85/100", "健康评分", FluentIcon.HEALTH, "#52C41A"
                          ^^^^^^^^^^^^^^^^^
AttributeError: type object 'FluentIcon' has no attribute 'HEALTH'. Did you mean: 'HEART'?

