Traceback (most recent call last):
  File "G:\docker\diskclean\src\core\smart_cleaner.py", line 303, in run
    debug_event('INFO', 'ScanThread', 'run',
    ~~~~~~~~~~~^^^^^^^^^^^^^^^^^^^^^^^^^^^^^
               '扫描线程启动',
               ^^^^^^^^^^^^^^^
               scan_type=self.scan_type,
               ^^^^^^^^^^^^^^^^^^^^^^^^^
               scan_target=self.scan_target)
               ^^^^^^^^^^^^^^^^^^^^^^^^^^^^^
TypeError: debug_event() missing 1 required positional argument: 'message'

During handling of the above exception, another exception occurred:

Traceback (most recent call last):
  File "G:\docker\diskclean\src\core\smart_cleaner.py", line 415, in run
    debug_exception('ScanThread', 'run',
    ~~~~~~~~~~~~~~~^^^^^^^^^^^^^^^^^^^^^
                  '扫描异常',
                  ^^^^^^^^^^^
                  exc_info=sys.exc_info(),
                  ^^^^^^^^^^^^^^^^^^^^^^^^
                  scan_type=self.scan_type,
                  ^^^^^^^^^^^^^^^^^^^^^^^^^
                    elapsed_seconds=elapsed)
                    ^^^^^^^^^^^^^^^^^^^^^^^^
TypeError: debug_exception() missing 1 required positional argument: 'message'

Traceback (most recent call last):
  File "G:\docker\diskclean\src\ui\developer_console_window.py", line 373, in export_error_report
    format_dialog = QMessageBox(self)
                    ^^^^^^^^^^^
NameError: name 'QMessageBox' is not defined

Traceback (most recent call last):
  File "G:\docker\diskclean\src\ui\developer_console_window.py", line 373, in export_error_report
    format_dialog = QMessageBox(self)
                    ^^^^^^^^^^^
NameError: name 'QMessageBox' is not defined

Traceback (most recent call last):
  File "G:\docker\diskclean\src\ui\developer_console_window.py", line 373, in export_error_report
    format_dialog = QMessageBox(self)
                    ^^^^^^^^^^^
NameError: name 'QMessageBox' is not defined

Traceback (most recent call last):
  File "G:\docker\diskclean\src\ui\developer_console_window.py", line 373, in export_error_report
    format_dialog = QMessageBox(self)
                    ^^^^^^^^^^^
NameError: name 'QMessageBox' is not defined

Traceback (most recent call last):
  File "G:\docker\diskclean\src\ui\developer_console_window.py", line 373, in export_error_report
    format_dialog = QMessageBox(self)
                    ^^^^^^^^^^^
NameError: name 'QMessageBox' is not defined

Traceback (most recent call last):
  File "G:\docker\diskclean\src\ui\developer_console_window.py", line 373, in export_error_report
    format_dialog = QMessageBox(self)
                    ^^^^^^^^^^^
NameError: name 'QMessageBox' is not defined

Traceback (most recent call last):
  File "G:\docker\diskclean\src\ui\developer_console_window.py", line 373, in export_error_report
    format_dialog = QMessageBox(self)
                    ^^^^^^^^^^^
NameError: name 'QMessageBox' is not defined

Traceback (most recent call last):
  File "G:\docker\diskclean\src\ui\developer_console_window.py", line 373, in export_error_report
    format_dialog = QMessageBox(self)
                    ^^^^^^^^^^^
NameError: name 'QMessageBox' is not defined

